2023-05-23 21:05:295 INFO  LoginPage :42 - Enter User name[[ChromeDriver: chrome on WINDOWS (8f03901a4e8efb02f5ac9a3a68f1c4cb)] -> name: username]
2023-05-23 21:05:399 INFO  LoginPage :47 - Enter Password[[ChromeDriver: chrome on WINDOWS (8f03901a4e8efb02f5ac9a3a68f1c4cb)] -> name: password]
2023-05-23 21:05:537 INFO  LoginPage :52 - Click on login button[[ChromeDriver: chrome on WINDOWS (8f03901a4e8efb02f5ac9a3a68f1c4cb)] -> tag name: button]
2023-05-23 21:05:672 INFO  DashboardPage :29 - Verify text Dashboard[[ChromeDriver: chrome on WINDOWS (8f03901a4e8efb02f5ac9a3a68f1c4cb)] -> xpath: //h6[text()='Dashboard']]
2023-05-23 21:05:380 INFO  LoginPage :35 - Login to Application[[ChromeDriver: chrome on WINDOWS (8a54c4c0bef0ecf0da6082ede6ce16fc)] -> tag name: button]
2023-05-23 21:05:652 INFO  HomePage :48 - Click on Admin[[ChromeDriver: chrome on WINDOWS (8a54c4c0bef0ecf0da6082ede6ce16fc)] -> xpath: //span[text()='Admin']]
2023-05-23 21:05:475 INFO  ViewSystemUsersPage :42 - Verify text System User[[ChromeDriver: chrome on WINDOWS (8a54c4c0bef0ecf0da6082ede6ce16fc)] -> xpath: //h5[text()='System Users']]
2023-05-23 21:05:519 INFO  ViewSystemUsersPage :47 - Click on add button[[ChromeDriver: chrome on WINDOWS (8a54c4c0bef0ecf0da6082ede6ce16fc)] -> xpath: //button[@class='oxd-button oxd-button--medium oxd-button--secondary']]
2023-05-23 21:05:104 INFO  AddUserPage :144 - Click on Admin Role[[ChromeDriver: chrome on WINDOWS (8a54c4c0bef0ecf0da6082ede6ce16fc)] -> xpath: //div[@class='oxd-form-row']/div[1]/div[1]/div[1]/div[2]/div[1]/div[1]/div[2]/i[1]]
2023-05-23 21:05:134 INFO  AddUserPage :145 - Click on Admin RoleProxy element for: DefaultElementLocator 'By.xpath: //*[@class='oxd-select-wrapper']//*[contains(text(),'Admin')]'
2023-05-23 21:05:245 INFO  AddUserPage :89 - Enter employee name[[ChromeDriver: chrome on WINDOWS (8a54c4c0bef0ecf0da6082ede6ce16fc)] -> xpath: //input[@placeholder='Type for hints...']]
2023-05-23 21:05:396 INFO  AddUserPage :96 - Enter user name[[ChromeDriver: chrome on WINDOWS (8a54c4c0bef0ecf0da6082ede6ce16fc)] -> xpath: (//input[@class='oxd-input oxd-input--active'])[2]]
2023-05-23 21:05:486 INFO  AddUserPage :153 - Select Status[[ChromeDriver: chrome on WINDOWS (8a54c4c0bef0ecf0da6082ede6ce16fc)] -> xpath: //body/div/div[@class='oxd-layout']/div[@class='oxd-layout-container']/div[@class='oxd-layout-context']/div[@class='orangehrm-background-container']/div[@class='orangehrm-card-container']/form[@class='oxd-form']/div[@class='oxd-form-row']/div[@class='oxd-grid-2 orangehrm-full-width-grid']/div[3]/div[1]/div[2]/div[1]/div[1]]
2023-05-23 21:05:512 INFO  AddUserPage :154 - Select Disable StatusProxy element for: DefaultElementLocator 'By.xpath: //*[@class='oxd-select-wrapper']//*[contains(text(),'Disabled')]'
2023-05-23 21:05:638 INFO  AddUserPage :113 - Enter Password[[ChromeDriver: chrome on WINDOWS (8a54c4c0bef0ecf0da6082ede6ce16fc)] -> xpath: (//input[@type='password'])[1]]
2023-05-23 21:05:707 INFO  AddUserPage :118 - Enter confirm password[[ChromeDriver: chrome on WINDOWS (8a54c4c0bef0ecf0da6082ede6ce16fc)] -> xpath: (//input[@type='password'])[2]]
2023-05-23 21:05:784 INFO  AddUserPage :124 - Click on save button[[ChromeDriver: chrome on WINDOWS (8a54c4c0bef0ecf0da6082ede6ce16fc)] -> xpath: //button[text()=' Save ']]
2023-05-23 21:05:130 INFO  AddUserPage :129 - Verify User Saved[[ChromeDriver: chrome on WINDOWS (8a54c4c0bef0ecf0da6082ede6ce16fc)] -> xpath: //p[@class='oxd-text oxd-text--p oxd-text--toast-message oxd-toast-content-text']]
2023-05-23 21:05:253 INFO  LoginPage :62 - Verify Logo Of Orange HRM[[ChromeDriver: chrome on WINDOWS (7bc950973468d6c7f5ced27745338696)] -> xpath: //div[@class='orangehrm-login-logo']//img[@alt='orangehrm-logo']]
2023-05-23 21:05:411 INFO  LoginPage :35 - Login to Application[[ChromeDriver: chrome on WINDOWS (ff2fff8bb22b916dcf1a92b5525e056f)] -> tag name: button]
2023-05-23 21:05:327 INFO  ViewSystemUsersPage :42 - Verify text System User[[ChromeDriver: chrome on WINDOWS (ff2fff8bb22b916dcf1a92b5525e056f)] -> xpath: //h5[text()='System Users']]
2023-05-23 21:05:391 INFO  AddUserPage :96 - Enter user name[[ChromeDriver: chrome on WINDOWS (ff2fff8bb22b916dcf1a92b5525e056f)] -> xpath: (//input[@class='oxd-input oxd-input--active'])[2]]
2023-05-23 21:05:483 INFO  AddUserPage :82 - Select User Role[[ChromeDriver: chrome on WINDOWS (ff2fff8bb22b916dcf1a92b5525e056f)] -> xpath: //div[@class='oxd-grid-4 orangehrm-full-width-grid']/div[2]/div/div[2]/div/div/div[2]/i]
2023-05-23 21:05:415 INFO  AddUserPage :83 - Select Admin user RoleProxy element for: DefaultElementLocator 'By.xpath: //*[@class='oxd-select-wrapper']//*[contains(text(),'Admin')]'
